TN:
SF:src\components\Login.tsx
FN:4,Login
FNF:1
FNH:0
FNDA:0,Login
DA:5,0
LF:1
LH:0
BRF:0
BRH:0
end_of_record
TN:
SF:src\components\OfflineIndicator.tsx
FN:10,OfflineIndicator
FN:13,(anonymous_1)
FN:15,update
FN:27,(anonymous_3)
FNF:4
FNH:0
FNDA:0,OfflineIndicator
FNDA:0,(anonymous_1)
FNDA:0,update
FNDA:0,(anonymous_3)
DA:11,0
DA:13,0
DA:14,0
DA:16,0
DA:17,0
DA:18,0
DA:19,0
DA:20,0
DA:22,0
DA:25,0
DA:26,0
DA:27,0
DA:30,0
DA:32,0
DA:42,0
LF:15
LH:0
BRDA:17,0,0,0
BRDA:17,0,1,0
BRDA:19,1,0,0
BRDA:19,1,1,0
BRDA:20,2,0,0
BRDA:20,2,1,0
BRDA:30,3,0,0
BRDA:30,3,1,0
BRF:8
BRH:0
end_of_record
TN:
SF:src\components\OfflineQueueScreen.tsx
FN:8,OfflineQueueScreen
FN:11,(anonymous_1)
FN:19,(anonymous_2)
FN:22,(anonymous_3)
FN:25,(anonymous_4)
FN:30,(anonymous_5)
FN:35,(anonymous_6)
FN:41,(anonymous_7)
FN:44,(anonymous_8)
FN:48,(anonymous_9)
FN:50,(anonymous_10)
FNF:11
FNH:0
FNDA:0,OfflineQueueScreen
FNDA:0,(anonymous_1)
FNDA:0,(anonymous_2)
FNDA:0,(anonymous_3)
FNDA:0,(anonymous_4)
FNDA:0,(anonymous_5)
FNDA:0,(anonymous_6)
FNDA:0,(anonymous_7)
FNDA:0,(anonymous_8)
FNDA:0,(anonymous_9)
FNDA:0,(anonymous_10)
DA:9,0
DA:11,0
DA:12,0
DA:13,0
DA:14,0
DA:15,0
DA:16,0
DA:19,0
DA:20,0
DA:21,0
DA:22,0
DA:25,0
DA:26,0
DA:27,0
DA:30,0
DA:31,0
DA:32,0
DA:33,0
DA:34,0
DA:35,0
DA:36,0
DA:37,0
DA:38,0
DA:41,0
DA:42,0
DA:44,0
DA:48,0
DA:49,0
DA:51,0
DA:63,0
DA:83,0
LF:31
LH:0
BRDA:13,0,0,0
BRDA:13,0,1,0
BRDA:32,1,0,0
BRDA:32,1,1,0
BRDA:38,2,0,0
BRDA:38,2,1,0
BRDA:69,3,0,0
BRDA:69,3,1,0
BRF:8
BRH:0
end_of_record
TN:
SF:src\components\PendingItemCard.tsx
FN:13,PendingItemCardComponent
FN:14,(anonymous_1)
FN:15,(anonymous_2)
FNF:3
FNH:0
FNDA:0,PendingItemCardComponent
FNDA:0,(anonymous_1)
FNDA:0,(anonymous_2)
DA:14,0
DA:15,0
DA:16,0
DA:37,0
LF:4
LH:0
BRDA:21,0,0,0
BRDA:21,0,1,0
BRF:2
BRH:0
end_of_record
TN:
SF:src\components\types.ts
FNF:0
FNH:0
LF:0
LH:0
BRF:0
BRH:0
end_of_record
TN:
SF:src\components\RecentTrips\logic.tsx
FN:9,getStatusBadgeStyle
FN:24,getStatusLabel
FNF:2
FNH:0
FNDA:0,getStatusBadgeStyle
FNDA:0,getStatusLabel
DA:10,0
DA:12,0
DA:14,0
DA:17,0
DA:19,0
DA:25,0
LF:6
LH:0
BRDA:10,0,0,0
BRDA:10,0,1,0
BRDA:10,0,2,0
BRDA:10,0,3,0
BRDA:10,0,4,0
BRDA:25,1,0,0
BRDA:25,1,1,0
BRF:7
BRH:0
end_of_record
TN:
SF:src\components\RecentTrips\styles.ts
FNF:0
FNH:0
DA:3,0
LF:1
LH:0
BRF:0
BRH:0
end_of_record
TN:
SF:src\components\RecentVehicles\logic.tsx
FN:9,getVehicleStatusBadge
FNF:1
FNH:0
FNDA:0,getVehicleStatusBadge
DA:10,0
DA:11,0
DA:17,0
LF:3
LH:0
BRDA:10,0,0,0
BRDA:10,0,1,0
BRF:2
BRH:0
end_of_record
TN:
SF:src\components\RecentVehicles\styles.ts
FNF:0
FNH:0
DA:3,0
LF:1
LH:0
BRF:0
BRH:0
end_of_record
TN:
SF:src\components\StatCard\logic.tsx
FN:1,(anonymous_0)
FNF:1
FNH:0
FNDA:0,(anonymous_0)
DA:1,0
DA:2,0
DA:3,0
LF:3
LH:0
BRDA:2,0,0,0
BRDA:2,0,1,0
BRDA:3,1,0,0
BRDA:3,1,1,0
BRF:4
BRH:0
end_of_record
TN:
SF:src\components\StatCard\styles.ts
FNF:0
FNH:0
DA:4,0
LF:1
LH:0
BRF:0
BRH:0
end_of_record
TN:
SF:src\components\TruckIcon\logic.tsx
FN:1,(anonymous_0)
FNF:1
FNH:0
FNDA:0,(anonymous_0)
DA:1,0
LF:1
LH:0
BRF:0
BRH:0
end_of_record
TN:
SF:src\config\api.ts
FNF:0
FNH:0
DA:1,0
LF:1
LH:0
BRF:0
BRH:0
end_of_record
TN:
SF:src\config\platform.ts
FN:19,platformSelect
FN:55,normalize
FNF:2
FNH:0
FNDA:0,platformSelect
FNDA:0,normalize
DA:8,0
DA:9,0
DA:10,0
DA:13,0
DA:25,0
DA:29,0
DA:37,0
DA:45,0
DA:52,0
DA:56,0
DA:57,0
DA:58,0
DA:59,0
LF:13
LH:0
BRDA:25,0,0,0
BRDA:25,0,1,0
BRF:2
BRH:0
end_of_record
TN:
SF:src\constants\theme.ts
FNF:0
FNH:0
DA:8,0
DA:9,0
DA:11,0
DA:30,0
LF:4
LH:0
BRF:0
BRH:0
end_of_record
TN:
SF:src\context\Auth\logic.tsx
FN:7,(anonymous_0)
FN:17,(anonymous_1)
FN:18,(anonymous_2)
FN:32,(anonymous_3)
FN:35,(anonymous_4)
FN:40,(anonymous_5)
FN:41,(anonymous_6)
FN:54,(anonymous_7)
FN:58,(anonymous_8)
FN:70,(anonymous_9)
FN:70,(anonymous_10)
FN:72,(anonymous_11)
FN:78,(anonymous_12)
FN:84,(anonymous_13)
FN:85,(anonymous_14)
FNF:15
FNH:0
FNDA:0,(anonymous_0)
FNDA:0,(anonymous_1)
FNDA:0,(anonymous_2)
FNDA:0,(anonymous_3)
FNDA:0,(anonymous_4)
FNDA:0,(anonymous_5)
FNDA:0,(anonymous_6)
FNDA:0,(anonymous_7)
FNDA:0,(anonymous_8)
FNDA:0,(anonymous_9)
FNDA:0,(anonymous_10)
FNDA:0,(anonymous_11)
FNDA:0,(anonymous_12)
FNDA:0,(anonymous_13)
FNDA:0,(anonymous_14)
DA:7,0
DA:8,0
DA:17,0
DA:18,0
DA:19,0
DA:20,0
DA:21,0
DA:23,0
DA:24,0
DA:32,0
DA:35,0
DA:40,0
DA:41,0
DA:42,0
DA:43,0
DA:44,0
DA:45,0
DA:46,0
DA:48,0
DA:49,0
DA:50,0
DA:54,0
DA:55,0
DA:58,0
DA:59,0
DA:60,0
DA:62,0
DA:64,0
DA:65,0
DA:66,0
DA:70,0
DA:72,0
DA:73,0
DA:74,0
DA:75,0
DA:76,0
DA:77,0
DA:78,0
DA:80,0
DA:84,0
DA:85,0
DA:86,0
DA:87,0
DA:88,0
DA:89,0
DA:93,0
LF:46
LH:0
BRDA:23,0,0,0
BRDA:23,0,1,0
BRDA:23,1,0,0
BRDA:23,1,1,0
BRDA:48,2,0,0
BRDA:48,2,1,0
BRDA:74,3,0,0
BRDA:74,3,1,0
BRDA:86,4,0,0
BRDA:86,4,1,0
BRF:10
BRH:0
end_of_record
TN:
SF:src\context\Auth\repository.ts
FN:12,(anonymous_0)
FN:16,(anonymous_1)
FN:20,(anonymous_2)
FN:24,(anonymous_3)
FN:29,(anonymous_4)
FN:34,(anonymous_5)
FN:45,(anonymous_6)
FN:49,(anonymous_7)
FNF:8
FNH:0
FNDA:0,(anonymous_0)
FNDA:0,(anonymous_1)
FNDA:0,(anonymous_2)
FNDA:0,(anonymous_3)
FNDA:0,(anonymous_4)
FNDA:0,(anonymous_5)
FNDA:0,(anonymous_6)
FNDA:0,(anonymous_7)
DA:6,0
DA:11,0
DA:13,0
DA:17,0
DA:21,0
DA:25,0
DA:26,0
DA:30,0
DA:31,0
DA:35,0
DA:36,0
DA:42,0
DA:46,0
DA:50,0
DA:51,0
LF:15
LH:0
BRDA:26,0,0,0
BRDA:26,0,1,0
BRF:2
BRH:0
end_of_record
TN:
SF:src\context\Auth\types.ts
FNF:0
FNH:0
LF:0
LH:0
BRF:0
BRH:0
end_of_record
TN:
SF:src\hooks\useAuth.tsx
FN:4,(anonymous_0)
FNF:1
FNH:0
FNDA:0,(anonymous_0)
DA:4,0
DA:5,0
DA:6,0
DA:7,0
LF:4
LH:0
BRDA:6,0,0,0
BRDA:6,0,1,0
BRF:2
BRH:0
end_of_record
TN:
SF:src\hooks\useLiveDrivers.tsx
FN:13,useLiveDrivers
FN:19,(anonymous_1)
FN:20,requestLocationPermission
FN:26,fetchDrivers
FN:29,(anonymous_4)
FN:33,(anonymous_5)
FN:36,startLocationTracking
FN:58,(anonymous_7)
FN:65,(anonymous_8)
FN:75,(anonymous_9)
FNF:10
FNH:0
FNDA:0,useLiveDrivers
FNDA:0,(anonymous_1)
FNDA:0,requestLocationPermission
FNDA:0,fetchDrivers
FNDA:0,(anonymous_4)
FNDA:0,(anonymous_5)
FNDA:0,startLocationTracking
FNDA:0,(anonymous_7)
FNDA:0,(anonymous_8)
FNDA:0,(anonymous_9)
DA:14,0
DA:15,0
DA:16,0
DA:17,0
DA:19,0
DA:21,0
DA:22,0
DA:23,0
DA:27,0
DA:30,0
DA:31,0
DA:33,0
DA:37,0
DA:38,0
DA:40,0
DA:41,0
DA:44,0
DA:49,0
DA:52,0
DA:59,0
DA:60,0
DA:65,0
DA:68,0
DA:71,0
DA:72,0
DA:73,0
DA:75,0
DA:76,0
DA:77,0
DA:78,0
DA:80,0
DA:81,0
DA:82,0
DA:87,0
LF:34
LH:0
BRDA:13,0,0,0
BRDA:30,1,0,0
BRDA:30,1,1,0
BRDA:38,2,0,0
BRDA:38,2,1,0
BRDA:59,3,0,0
BRDA:59,3,1,0
BRDA:76,4,0,0
BRDA:76,4,1,0
BRDA:80,5,0,0
BRDA:80,5,1,0
BRF:11
BRH:0
end_of_record
TN:
SF:src\hooks\useMenuItems.ts
FN:19,useMenuItems
FN:22,(anonymous_1)
FN:27,(anonymous_2)
FN:28,(anonymous_3)
FNF:4
FNH:0
FNDA:0,useMenuItems
FNDA:0,(anonymous_1)
FNDA:0,(anonymous_2)
FNDA:0,(anonymous_3)
DA:12,0
DA:20,0
DA:22,0
DA:23,0
DA:24,0
DA:27,0
DA:28,0
DA:29,0
DA:30,0
DA:32,0
DA:36,0
LF:11
LH:0
BRDA:23,0,0,0
BRDA:23,0,1,0
BRDA:29,1,0,0
BRDA:29,1,1,0
BRDA:30,2,0,0
BRDA:30,2,1,0
BRF:6
BRH:0
end_of_record
TN:
SF:src\hooks\queries\index.ts
FNF:0
FNH:0
LF:0
LH:0
BRF:0
BRH:0
end_of_record
TN:
SF:src\hooks\queries\useDashboardQuery.ts
FN:5,useDashboardQuery
FN:8,(anonymous_1)
FNF:2
FNH:0
FNDA:0,useDashboardQuery
FNDA:0,(anonymous_1)
DA:6,0
DA:8,0
LF:2
LH:0
BRF:0
BRH:0
end_of_record
TN:
SF:src\hooks\queries\useTripCreateDataQuery.ts
FN:5,useTripCreateDataQuery
FN:8,(anonymous_1)
FNF:2
FNH:0
FNDA:0,useTripCreateDataQuery
FNDA:0,(anonymous_1)
DA:6,0
DA:8,0
LF:2
LH:0
BRDA:5,0,0,0
BRF:1
BRH:0
end_of_record
TN:
SF:src\hooks\queries\useTripMutations.ts
FN:12,useTripMutations
FN:16,(anonymous_1)
FN:17,(anonymous_2)
FN:24,(anonymous_3)
FN:26,(anonymous_4)
FN:31,(anonymous_5)
FN:36,(anonymous_6)
FN:44,(anonymous_7)
FN:52,(anonymous_8)
FN:53,(anonymous_9)
FN:56,(anonymous_10)
FN:57,(anonymous_11)
FN:61,(anonymous_12)
FN:66,(anonymous_13)
FN:73,(anonymous_14)
FN:80,(anonymous_15)
FNF:16
FNH:0
FNDA:0,useTripMutations
FNDA:0,(anonymous_1)
FNDA:0,(anonymous_2)
FNDA:0,(anonymous_3)
FNDA:0,(anonymous_4)
FNDA:0,(anonymous_5)
FNDA:0,(anonymous_6)
FNDA:0,(anonymous_7)
FNDA:0,(anonymous_8)
FNDA:0,(anonymous_9)
FNDA:0,(anonymous_10)
FNDA:0,(anonymous_11)
FNDA:0,(anonymous_12)
FNDA:0,(anonymous_13)
FNDA:0,(anonymous_14)
FNDA:0,(anonymous_15)
DA:13,0
DA:15,0
DA:16,0
DA:18,0
DA:19,0
DA:23,0
DA:25,0
DA:27,0
DA:28,0
DA:31,0
DA:32,0
DA:34,0
DA:37,0
DA:38,0
DA:45,0
DA:46,0
DA:47,0
DA:51,0
DA:52,0
DA:54,0
DA:55,0
DA:56,0
DA:57,0
DA:59,0
DA:62,0
DA:63,0
DA:67,0
DA:68,0
DA:72,0
DA:79,0
DA:81,0
DA:82,0
DA:83,0
DA:87,0
LF:34
LH:0
BRDA:32,0,0,0
BRDA:32,0,1,0
BRDA:37,1,0,0
BRDA:37,1,1,0
BRDA:57,2,0,0
BRDA:57,2,1,0
BRDA:62,3,0,0
BRDA:62,3,1,0
BRF:8
BRH:0
end_of_record
TN:
SF:src\hooks\queries\useTripQuery.ts
FN:5,useTripQuery
FN:8,(anonymous_1)
FNF:2
FNH:0
FNDA:0,useTripQuery
FNDA:0,(anonymous_1)
DA:6,0
DA:8,0
LF:2
LH:0
BRDA:7,0,0,0
BRDA:7,0,1,0
BRDA:9,1,0,0
BRDA:9,1,1,0
BRF:4
BRH:0
end_of_record
TN:
SF:src\hooks\queries\useTripsQuery.ts
FN:5,useTripsQuery
FN:8,(anonymous_1)
FNF:2
FNH:0
FNDA:0,useTripsQuery
FNDA:0,(anonymous_1)
DA:6,0
DA:9,0
DA:10,0
LF:3
LH:0
BRDA:10,0,0,0
BRDA:10,0,1,0
BRF:2
BRH:0
end_of_record
TN:
SF:src\hooks\queries\useUserPermissionsQuery.ts
FN:6,useUserPermissionsQuery
FN:9,(anonymous_1)
FNF:2
FNH:0
FNDA:0,useUserPermissionsQuery
FNDA:0,(anonymous_1)
DA:7,0
DA:10,0
DA:11,0
DA:12,0
LF:4
LH:0
BRDA:6,0,0,0
BRDA:14,1,0,0
BRDA:14,1,1,0
BRF:3
BRH:0
end_of_record
TN:
SF:src\hooks\queries\useVehicleMutations.ts
FN:5,useVehicleMutations
FN:9,(anonymous_1)
FN:11,(anonymous_2)
FN:18,(anonymous_3)
FN:25,(anonymous_4)
FN:33,(anonymous_5)
FN:34,(anonymous_6)
FNF:7
FNH:0
FNDA:0,useVehicleMutations
FNDA:0,(anonymous_1)
FNDA:0,(anonymous_2)
FNDA:0,(anonymous_3)
FNDA:0,(anonymous_4)
FNDA:0,(anonymous_5)
FNDA:0,(anonymous_6)
DA:6,0
DA:8,0
DA:10,0
DA:12,0
DA:13,0
DA:17,0
DA:24,0
DA:26,0
DA:27,0
DA:28,0
DA:32,0
DA:33,0
DA:35,0
DA:36,0
DA:40,0
LF:15
LH:0
BRF:0
BRH:0
end_of_record
TN:
SF:src\hooks\queries\useVehicleQuery.ts
FN:5,useVehicleQuery
FN:8,(anonymous_1)
FNF:2
FNH:0
FNDA:0,useVehicleQuery
FNDA:0,(anonymous_1)
DA:6,0
DA:8,0
LF:2
LH:0
BRDA:7,0,0,0
BRDA:7,0,1,0
BRDA:9,1,0,0
BRDA:9,1,1,0
BRF:4
BRH:0
end_of_record
TN:
SF:src\hooks\queries\useVehiclesQuery.ts
FN:5,useVehiclesQuery
FN:8,(anonymous_1)
FNF:2
FNH:0
FNDA:0,useVehiclesQuery
FNDA:0,(anonymous_1)
DA:6,0
DA:8,0
LF:2
LH:0
BRF:0
BRH:0
end_of_record
TN:
SF:src\lib\QueryProvider.tsx
FN:5,(anonymous_0)
FNF:1
FNH:0
FNDA:0,(anonymous_0)
DA:5,0
DA:8,0
LF:2
LH:0
BRF:0
BRH:0
end_of_record
TN:
SF:src\lib\listConfig.ts
FN:16,getFixedItemLayout
FN:20,(anonymous_1)
FNF:2
FNH:0
FNDA:0,getFixedItemLayout
FNDA:0,(anonymous_1)
DA:8,0
DA:20,0
LF:2
LH:0
BRDA:18,0,0,0
BRF:1
BRH:0
end_of_record
TN:
SF:src\lib\queryClient.ts
FNF:0
FNH:0
DA:8,0
DA:9,0
DA:11,0
LF:3
LH:0
BRF:0
BRH:0
end_of_record
TN:
SF:src\lib\queryKeys.ts
FN:11,(anonymous_0)
FN:12,(anonymous_1)
FN:14,(anonymous_2)
FN:15,(anonymous_3)
FN:16,(anonymous_4)
FN:21,(anonymous_5)
FN:26,(anonymous_6)
FN:27,(anonymous_7)
FN:28,(anonymous_8)
FN:29,(anonymous_9)
FN:34,(anonymous_10)
FN:35,(anonymous_11)
FNF:12
FNH:0
FNDA:0,(anonymous_0)
FNDA:0,(anonymous_1)
FNDA:0,(anonymous_2)
FNDA:0,(anonymous_3)
FNDA:0,(anonymous_4)
FNDA:0,(anonymous_5)
FNDA:0,(anonymous_6)
FNDA:0,(anonymous_7)
FNDA:0,(anonymous_8)
FNDA:0,(anonymous_9)
FNDA:0,(anonymous_10)
FNDA:0,(anonymous_11)
DA:6,0
DA:11,0
DA:13,0
DA:14,0
DA:15,0
DA:16,0
DA:21,0
DA:26,0
DA:27,0
DA:28,0
DA:29,0
DA:34,0
DA:35,0
LF:13
LH:0
BRDA:13,0,0,0
BRDA:13,0,1,0
BRF:2
BRH:0
end_of_record
TN:
SF:src\navigation\AppNavigator.tsx
FN:13,(anonymous_0)
FN:21,(anonymous_1)
FNF:2
FNH:0
FNDA:0,(anonymous_0)
FNDA:0,(anonymous_1)
DA:13,0
DA:14,0
DA:19,0
DA:21,0
DA:22,0
DA:24,0
DA:25,0
DA:26,0
DA:29,0
DA:31,0
DA:32,0
DA:35,0
DA:49,0
LF:13
LH:0
BRDA:24,0,0,0
BRDA:24,0,1,0
BRDA:31,1,0,0
BRDA:31,1,1,0
BRDA:37,2,0,0
BRDA:37,2,1,0
BRF:6
BRH:0
end_of_record
TN:
SF:src\navigation\AuthNavigator.tsx
FN:8,(anonymous_0)
FNF:1
FNH:0
FNDA:0,(anonymous_0)
DA:6,0
DA:8,0
DA:9,0
LF:3
LH:0
BRF:0
BRH:0
end_of_record
TN:
SF:src\navigation\TripsNavigator.tsx
FN:19,(anonymous_0)
FNF:1
FNH:0
FNDA:0,(anonymous_0)
DA:17,0
DA:19,0
DA:20,0
LF:3
LH:0
BRF:0
BRH:0
end_of_record
TN:
SF:src\navigation\VehiclesNavigator.tsx
FN:23,(anonymous_0)
FN:25,(anonymous_1)
FN:30,(anonymous_2)
FN:32,(anonymous_3)
FNF:4
FNH:0
FNDA:0,(anonymous_0)
FNDA:0,(anonymous_1)
FNDA:0,(anonymous_2)
FNDA:0,(anonymous_3)
DA:21,0
DA:23,0
DA:24,0
DA:25,0
DA:31,0
DA:32,0
LF:6
LH:0
BRF:0
BRH:0
end_of_record
TN:
SF:src\navigation\linking.ts
FNF:0
FNH:0
DA:4,0
LF:1
LH:0
BRF:0
BRH:0
end_of_record
TN:
SF:src\navigation\types.ts
FNF:0
FNH:0
LF:0
LH:0
BRF:0
BRH:0
end_of_record
TN:
SF:src\navigation\MainNavigator\CustomDrawerContent.tsx
FN:13,(anonymous_0)
FN:20,(anonymous_1)
FN:31,(anonymous_2)
FN:46,(anonymous_3)
FN:50,(anonymous_4)
FN:56,(anonymous_5)
FNF:6
FNH:0
FNDA:0,(anonymous_0)
FNDA:0,(anonymous_1)
FNDA:0,(anonymous_2)
FNDA:0,(anonymous_3)
FNDA:0,(anonymous_4)
FNDA:0,(anonymous_5)
DA:13,0
DA:16,0
DA:17,0
DA:18,0
DA:20,0
DA:21,0
DA:22,0
DA:23,0
DA:24,0
DA:26,0
DA:28,0
DA:31,0
DA:32,0
DA:33,0
DA:35,0
DA:37,0
DA:41,0
DA:46,0
DA:51,0
DA:52,0
DA:56,0
LF:21
LH:0
BRDA:21,0,0,0
BRDA:21,0,1,0
BRDA:23,1,0,0
BRDA:23,1,1,0
BRDA:55,2,0,0
BRDA:55,2,1,0
BRDA:63,3,0,0
BRDA:63,3,1,0
BRF:8
BRH:0
end_of_record
TN:
SF:src\navigation\MainNavigator\logic.tsx
FN:4,(anonymous_0)
FN:8,(anonymous_1)
FNF:2
FNH:0
FNDA:0,(anonymous_0)
FNDA:0,(anonymous_1)
DA:4,0
DA:5,0
DA:7,0
DA:8,0
DA:16,0
LF:5
LH:0
BRF:0
BRH:0
end_of_record
TN:
SF:src\navigation\MainNavigator\styles.ts
FNF:0
FNH:0
DA:5,0
LF:1
LH:0
BRF:0
BRH:0
end_of_record
TN:
SF:src\roles\IRoleHandler.ts
FNF:0
FNH:0
LF:0
LH:0
BRF:0
BRH:0
end_of_record
TN:
SF:src\roles\RoleFactory.ts
FN:20,(anonymous_0)
FN:50,(anonymous_1)
FN:55,(anonymous_2)
FN:58,(anonymous_3)
FN:58,(anonymous_4)
FN:59,(anonymous_5)
FN:59,(anonymous_6)
FN:60,(anonymous_7)
FN:61,(anonymous_8)
FN:62,(anonymous_9)
FN:62,(anonymous_10)
FN:63,(anonymous_11)
FN:63,(anonymous_12)
FN:64,(anonymous_13)
FN:64,(anonymous_14)
FN:65,(anonymous_15)
FN:74,(anonymous_16)
FNF:17
FNH:0
FNDA:0,(anonymous_0)
FNDA:0,(anonymous_1)
FNDA:0,(anonymous_2)
FNDA:0,(anonymous_3)
FNDA:0,(anonymous_4)
FNDA:0,(anonymous_5)
FNDA:0,(anonymous_6)
FNDA:0,(anonymous_7)
FNDA:0,(anonymous_8)
FNDA:0,(anonymous_9)
FNDA:0,(anonymous_10)
FNDA:0,(anonymous_11)
FNDA:0,(anonymous_12)
FNDA:0,(anonymous_13)
FNDA:0,(anonymous_14)
FNDA:0,(anonymous_15)
FNDA:0,(anonymous_16)
DA:13,0
DA:22,0
DA:23,0
DA:25,0
DA:26,0
DA:28,0
DA:29,0
DA:31,0
DA:32,0
DA:34,0
DA:35,0
DA:38,0
DA:41,0
DA:51,0
DA:52,0
DA:55,0
DA:57,0
DA:58,0
DA:59,0
DA:61,0
DA:62,0
DA:63,0
DA:64,0
DA:65,0
DA:75,0
DA:76,0
DA:78,0
LF:27
LH:0
BRDA:22,0,0,0
BRDA:22,0,1,0
BRDA:23,1,0,0
BRDA:23,1,1,0
BRDA:23,1,2,0
BRDA:23,1,3,0
BRDA:23,1,4,0
BRDA:51,2,0,0
BRDA:51,2,1,0
BRDA:51,3,0,0
BRDA:51,3,1,0
BRDA:75,4,0,0
BRDA:75,4,1,0
BRDA:75,5,0,0
BRDA:75,5,1,0
BRF:15
BRH:0
end_of_record
TN:
SF:src\roles\index.ts
FNF:0
FNH:0
LF:0
LH:0
BRF:0
BRH:0
end_of_record
TN:
SF:src\roles\handlers\AdminRoleHandler.ts
FN:8,(anonymous_0)
FN:12,(anonymous_1)
FN:16,(anonymous_2)
FN:20,(anonymous_3)
FN:25,(anonymous_4)
FN:29,(anonymous_5)
FN:33,(anonymous_6)
FNF:7
FNH:0
FNDA:0,(anonymous_0)
FNDA:0,(anonymous_1)
FNDA:0,(anonymous_2)
FNDA:0,(anonymous_3)
FNDA:0,(anonymous_4)
FNDA:0,(anonymous_5)
FNDA:0,(anonymous_6)
DA:9,0
DA:13,0
DA:17,0
DA:22,0
DA:26,0
DA:30,0
DA:34,0
LF:7
LH:0
BRF:0
BRH:0
end_of_record
TN:
SF:src\roles\handlers\BaseRoleHandler.ts
FN:10,(anonymous_0)
FN:14,(anonymous_1)
FN:18,(anonymous_2)
FN:22,(anonymous_3)
FN:26,(anonymous_4)
FN:30,(anonymous_5)
FN:34,(anonymous_6)
FN:38,(anonymous_7)
FNF:8
FNH:0
FNDA:0,(anonymous_0)
FNDA:0,(anonymous_1)
FNDA:0,(anonymous_2)
FNDA:0,(anonymous_3)
FNDA:0,(anonymous_4)
FNDA:0,(anonymous_5)
FNDA:0,(anonymous_6)
FNDA:0,(anonymous_7)
DA:11,0
DA:15,0
DA:19,0
DA:23,0
DA:27,0
DA:31,0
DA:35,0
DA:39,0
LF:8
LH:0
BRF:0
BRH:0
end_of_record
TN:
SF:src\roles\handlers\CEORoleHandler.ts
FN:8,(anonymous_0)
FN:12,(anonymous_1)
FN:16,(anonymous_2)
FN:20,(anonymous_3)
FN:25,(anonymous_4)
FN:29,(anonymous_5)
FN:33,(anonymous_6)
FNF:7
FNH:0
FNDA:0,(anonymous_0)
FNDA:0,(anonymous_1)
FNDA:0,(anonymous_2)
FNDA:0,(anonymous_3)
FNDA:0,(anonymous_4)
FNDA:0,(anonymous_5)
FNDA:0,(anonymous_6)
DA:9,0
DA:13,0
DA:17,0
DA:22,0
DA:26,0
DA:30,0
DA:34,0
LF:7
LH:0
BRF:0
BRH:0
end_of_record
TN:
SF:src\roles\handlers\DefaultRoleHandler.ts
FN:8,(anonymous_0)
FNF:1
FNH:0
FNDA:0,(anonymous_0)
DA:9,0
LF:1
LH:0
BRDA:8,0,0,0
BRF:1
BRH:0
end_of_record
TN:
SF:src\roles\handlers\DriverRoleHandler.ts
FN:8,(anonymous_0)
FN:12,(anonymous_1)
FN:16,(anonymous_2)
FN:20,(anonymous_3)
FN:29,(anonymous_4)
FN:33,(anonymous_5)
FNF:6
FNH:0
FNDA:0,(anonymous_0)
FNDA:0,(anonymous_1)
FNDA:0,(anonymous_2)
FNDA:0,(anonymous_3)
FNDA:0,(anonymous_4)
FNDA:0,(anonymous_5)
DA:9,0
DA:13,0
DA:17,0
DA:23,0
DA:24,0
DA:26,0
DA:30,0
DA:34,0
LF:8
LH:0
BRDA:23,0,0,0
BRDA:23,0,1,0
BRDA:23,1,0,0
BRDA:23,1,1,0
BRDA:26,2,0,0
BRDA:26,2,1,0
BRF:6
BRH:0
end_of_record
TN:
SF:src\roles\handlers\ManagerRoleHandler.ts
FN:8,(anonymous_0)
FN:12,(anonymous_1)
FN:16,(anonymous_2)
FN:20,(anonymous_3)
FN:25,(anonymous_4)
FN:29,(anonymous_5)
FN:33,(anonymous_6)
FNF:7
FNH:0
FNDA:0,(anonymous_0)
FNDA:0,(anonymous_1)
FNDA:0,(anonymous_2)
FNDA:0,(anonymous_3)
FNDA:0,(anonymous_4)
FNDA:0,(anonymous_5)
FNDA:0,(anonymous_6)
DA:9,0
DA:13,0
DA:17,0
DA:22,0
DA:26,0
DA:30,0
DA:34,0
LF:7
LH:0
BRF:0
BRH:0
end_of_record
TN:
SF:src\screens\Auth\logic.tsx
FN:9,useAuthLogic
FN:17,(anonymous_1)
FN:23,(anonymous_2)
FNF:3
FNH:0
FNDA:0,useAuthLogic
FNDA:0,(anonymous_1)
FNDA:0,(anonymous_2)
DA:10,0
DA:11,0
DA:12,0
DA:17,0
DA:18,0
DA:21,0
DA:23,0
DA:24,0
DA:26,0
DA:27,0
DA:28,0
DA:31,0
DA:32,0
DA:33,0
DA:36,0
DA:37,0
DA:38,0
DA:39,0
DA:41,0
DA:43,0
DA:47,0
LF:21
LH:0
BRDA:24,0,0,0
BRDA:24,0,1,0
BRDA:26,1,0,0
BRDA:26,1,1,0
BRDA:31,2,0,0
BRDA:31,2,1,0
BRF:6
BRH:0
end_of_record
TN:
SF:src\screens\Auth\styles.ts
FNF:0
FNH:0
DA:3,0
LF:1
LH:0
BRF:0
BRH:0
end_of_record
TN:
SF:src\screens\Dashboard\logic.tsx
FN:13,(anonymous_0)
FNF:1
FNH:0
FNDA:0,(anonymous_0)
DA:4,0
DA:13,0
DA:14,0
DA:16,0
DA:17,0
DA:18,0
DA:20,0
LF:7
LH:0
BRDA:16,0,0,0
BRDA:16,0,1,0
BRDA:17,1,0,0
BRDA:17,1,1,0
BRDA:18,2,0,0
BRDA:18,2,1,0
BRF:6
BRH:0
end_of_record
TN:
SF:src\screens\Dashboard\styles.ts
FNF:0
FNH:0
DA:4,0
LF:1
LH:0
BRF:0
BRH:0
end_of_record
TN:
SF:src\screens\LiveTracking\logic.tsx
FN:29,useLiveDrivers
FN:32,(anonymous_1)
FN:37,(anonymous_2)
FN:45,(anonymous_3)
FN:59,(anonymous_4)
FNF:5
FNH:0
FNDA:0,useLiveDrivers
FNDA:0,(anonymous_1)
FNDA:0,(anonymous_2)
FNDA:0,(anonymous_3)
FNDA:0,(anonymous_4)
DA:30,0
DA:32,0
DA:33,0
DA:35,0
DA:37,0
DA:38,0
DA:39,0
DA:41,0
DA:43,0
DA:45,0
DA:55,0
DA:59,0
DA:60,0
DA:64,0
LF:14
LH:0
BRDA:33,0,0,0
BRDA:33,0,1,0
BRDA:41,1,0,0
BRDA:41,1,1,0
BRF:4
BRH:0
end_of_record
TN:
SF:src\screens\LiveTracking\styles.ts
FNF:0
FNH:0
DA:3,0
LF:1
LH:0
BRF:0
BRH:0
end_of_record
TN:
SF:src\screens\Trips\types.ts
FNF:0
FNH:0
DA:10,0
LF:1
LH:0
BRF:0
BRH:0
end_of_record
TN:
SF:src\screens\Trips\create\logic.tsx
FN:26,useTripCreateLogic
FN:48,(anonymous_1)
FN:52,(anonymous_2)
FN:63,(anonymous_3)
FN:64,(anonymous_4)
FN:68,(anonymous_5)
FNF:6
FNH:0
FNDA:0,useTripCreateLogic
FNDA:0,(anonymous_1)
FNDA:0,(anonymous_2)
FNDA:0,(anonymous_3)
FNDA:0,(anonymous_4)
FNDA:0,(anonymous_5)
DA:27,0
DA:28,0
DA:30,0
DA:48,0
DA:49,0
DA:52,0
DA:53,0
DA:54,0
DA:55,0
DA:56,0
DA:58,0
DA:63,0
DA:64,0
DA:68,0
DA:69,0
DA:70,0
DA:71,0
DA:74,0
DA:75,0
DA:84,0
DA:85,0
DA:86,0
DA:89,0
DA:105,0
DA:106,0
DA:110,0
LF:26
LH:0
BRDA:69,0,0,0
BRDA:69,0,1,0
BRDA:69,1,0,0
BRDA:69,1,1,0
BRDA:79,2,0,0
BRDA:79,2,1,0
BRDA:80,3,0,0
BRDA:80,3,1,0
BRDA:93,4,0,0
BRDA:93,4,1,0
BRDA:94,5,0,0
BRDA:94,5,1,0
BRDA:105,6,0,0
BRDA:105,6,1,0
BRF:14
BRH:0
end_of_record
TN:
SF:src\screens\Trips\create\styles.ts
FNF:0
FNH:0
DA:3,0
LF:1
LH:0
BRF:0
BRH:0
end_of_record
TN:
SF:src\screens\Trips\details\logic.tsx
FN:8,useTripDetailsLogic
FN:12,(anonymous_1)
FN:27,(anonymous_2)
FN:32,(anonymous_3)
FNF:4
FNH:0
FNDA:0,useTripDetailsLogic
FNDA:0,(anonymous_1)
FNDA:0,(anonymous_2)
FNDA:0,(anonymous_3)
DA:9,0
DA:10,0
DA:12,0
DA:13,0
DA:14,0
DA:18,0
DA:19,0
DA:21,0
DA:26,0
DA:28,0
DA:32,0
DA:33,0
DA:34,0
DA:35,0
DA:36,0
DA:39,0
DA:40,0
DA:42,0
DA:43,0
DA:44,0
DA:45,0
DA:46,0
DA:50,0
DA:51,0
DA:53,0
DA:54,0
DA:55,0
DA:59,0
DA:60,0
DA:62,0
LF:30
LH:0
BRDA:34,0,0,0
BRDA:34,0,1,0
BRDA:36,1,0,0
BRDA:36,1,1,0
BRDA:42,2,0,0
BRDA:42,2,1,0
BRDA:42,3,0,0
BRDA:42,3,1,0
BRDA:45,4,0,0
BRDA:45,4,1,0
BRDA:45,5,0,0
BRDA:45,5,1,0
BRDA:54,6,0,0
BRDA:54,6,1,0
BRDA:59,7,0,0
BRDA:59,7,1,0
BRDA:60,8,0,0
BRDA:60,8,1,0
BRDA:64,9,0,0
BRDA:64,9,1,0
BRF:20
BRH:0
end_of_record
TN:
SF:src\screens\Trips\details\styles.ts
FNF:0
FNH:0
DA:3,0
DA:5,0
LF:2
LH:0
BRF:0
BRH:0
end_of_record
TN:
SF:src\screens\Trips\edit\logic.tsx
FN:25,useTripEditLogic
FN:32,(anonymous_1)
FN:33,(anonymous_2)
FN:68,(anonymous_3)
FN:69,(anonymous_4)
FN:71,(anonymous_5)
FNF:6
FNH:0
FNDA:0,useTripEditLogic
FNDA:0,(anonymous_1)
FNDA:0,(anonymous_2)
FNDA:0,(anonymous_3)
FNDA:0,(anonymous_4)
FNDA:0,(anonymous_5)
DA:29,0
DA:30,0
DA:32,0
DA:33,0
DA:34,0
DA:35,0
DA:38,0
DA:40,0
DA:43,0
DA:60,0
DA:61,0
DA:65,0
DA:68,0
DA:69,0
DA:71,0
DA:72,0
DA:75,0
DA:76,0
DA:77,0
DA:80,0
DA:81,0
DA:82,0
DA:90,0
DA:91,0
DA:92,0
DA:96,0
DA:98,0
DA:99,0
DA:101,0
DA:105,0
LF:30
LH:0
BRDA:40,0,0,0
BRDA:40,0,1,0
BRDA:47,1,0,0
BRDA:47,1,1,0
BRDA:48,2,0,0
BRDA:48,2,1,0
BRDA:69,3,0,0
BRDA:69,3,1,0
BRDA:72,4,0,0
BRDA:72,4,1,0
BRDA:75,5,0,0
BRDA:75,5,1,0
BRDA:75,6,0,0
BRDA:75,6,1,0
BRDA:75,6,2,0
BRDA:91,7,0,0
BRDA:91,7,1,0
BRF:17
BRH:0
end_of_record
TN:
SF:src\screens\Trips\edit\styles.ts
FNF:0
FNH:0
DA:3,0
LF:1
LH:0
BRF:0
BRH:0
end_of_record
TN:
SF:src\screens\Trips\list\logic.tsx
FN:3,useTripsListLogic
FN:22,(anonymous_1)
FNF:2
FNH:0
FNDA:0,useTripsListLogic
FNDA:0,(anonymous_1)
DA:4,0
DA:5,0
DA:7,0
DA:8,0
DA:9,0
DA:11,0
DA:17,0
DA:23,0
DA:24,0
LF:9
LH:0
BRDA:7,0,0,0
BRDA:7,0,1,0
BRDA:8,1,0,0
BRDA:8,1,1,0
BRDA:9,2,0,0
BRDA:9,2,1,0
BRDA:11,3,0,0
BRDA:11,3,1,0
BRDA:13,4,0,0
BRDA:13,4,1,0
BRF:10
BRH:0
end_of_record
TN:
SF:src\screens\Trips\list\styles.ts
FNF:0
FNH:0
DA:3,0
LF:1
LH:0
BRF:0
BRH:0
end_of_record
TN:
SF:src\screens\Vehicles\types.ts
FNF:0
FNH:0
LF:0
LH:0
BRF:0
BRH:0
end_of_record
TN:
SF:src\screens\Vehicles\create\logic.tsx
FN:9,useCreateVehicle
FN:16,(anonymous_1)
FN:24,(anonymous_2)
FNF:3
FNH:0
FNDA:0,useCreateVehicle
FNDA:0,(anonymous_1)
FNDA:0,(anonymous_2)
DA:7,0
DA:10,0
DA:11,0
DA:12,0
DA:13,0
DA:14,0
DA:16,0
DA:17,0
DA:18,0
DA:19,0
DA:21,0
DA:24,0
DA:25,0
DA:27,0
DA:28,0
DA:30,0
DA:36,0
DA:37,0
DA:40,0
DA:41,0
DA:47,0
DA:48,0
DA:49,0
DA:51,0
DA:53,0
DA:54,0
DA:56,0
DA:60,0
LF:28
LH:0
BRDA:17,0,0,0
BRDA:17,0,1,0
BRDA:25,1,0,0
BRDA:25,1,1,0
BRDA:32,2,0,0
BRDA:32,2,1,0
BRDA:40,3,0,0
BRDA:40,3,1,0
BRF:8
BRH:0
end_of_record
TN:
SF:src\screens\Vehicles\create\repository.ts
FN:5,(anonymous_0)
FN:9,(anonymous_1)
FNF:2
FNH:0
FNDA:0,(anonymous_0)
FNDA:0,(anonymous_1)
DA:6,0
DA:10,0
DA:11,0
LF:3
LH:0
BRDA:11,0,0,0
BRDA:11,0,1,0
BRF:2
BRH:0
end_of_record
TN:
SF:src\screens\Vehicles\create\styles.ts
FNF:0
FNH:0
DA:3,0
LF:1
LH:0
BRF:0
BRH:0
end_of_record
TN:
SF:src\screens\Vehicles\details\logic.tsx
FN:5,useVehicleDetails
FN:11,(anonymous_1)
FN:13,(anonymous_2)
FNF:3
FNH:0
FNDA:0,useVehicleDetails
FNDA:0,(anonymous_1)
FNDA:0,(anonymous_2)
DA:6,0
DA:7,0
DA:8,0
DA:11,0
DA:13,0
DA:14,0
DA:15,0
DA:16,0
DA:17,0
DA:18,0
DA:20,0
DA:21,0
DA:23,0
DA:27,0
LF:14
LH:0
BRDA:20,0,0,0
BRDA:20,0,1,0
BRF:2
BRH:0
end_of_record
TN:
SF:src\screens\Vehicles\details\repository.ts
FN:5,(anonymous_0)
FNF:1
FNH:0
FNDA:0,(anonymous_0)
DA:6,0
DA:7,0
DA:8,0
DA:10,0
DA:11,0
LF:5
LH:0
BRF:0
BRH:0
end_of_record
TN:
SF:src\screens\Vehicles\details\styles.ts
FNF:0
FNH:0
LF:0
LH:0
BRF:0
BRH:0
end_of_record
TN:
SF:src\screens\Vehicles\edit\logic.tsx
FN:12,useEditVehicle
FN:14,(anonymous_1)
FN:21,(anonymous_2)
FN:35,(anonymous_3)
FN:39,(anonymous_4)
FN:44,(anonymous_5)
FN:53,(anonymous_6)
FNF:7
FNH:0
FNDA:0,useEditVehicle
FNDA:0,(anonymous_1)
FNDA:0,(anonymous_2)
FNDA:0,(anonymous_3)
FNDA:0,(anonymous_4)
FNDA:0,(anonymous_5)
FNDA:0,(anonymous_6)
DA:14,0
DA:16,0
DA:17,0
DA:18,0
DA:21,0
DA:22,0
DA:23,0
DA:24,0
DA:25,0
DA:26,0
DA:28,0
DA:29,0
DA:31,0
DA:35,0
DA:36,0
DA:39,0
DA:40,0
DA:41,0
DA:44,0
DA:45,0
DA:46,0
DA:47,0
DA:48,0
DA:50,0
DA:53,0
DA:54,0
DA:55,0
DA:57,0
DA:58,0
DA:59,0
DA:60,0
DA:62,0
DA:63,0
DA:69,0
DA:71,0
DA:72,0
DA:74,0
DA:78,0
LF:38
LH:0
BRDA:40,0,0,0
BRDA:40,0,1,0
BRDA:45,1,0,0
BRDA:45,1,1,0
BRDA:46,2,0,0
BRDA:46,2,1,0
BRDA:54,3,0,0
BRDA:54,3,1,0
BRDA:55,4,0,0
BRDA:55,4,1,0
BRDA:62,5,0,0
BRDA:62,5,1,0
BRF:12
BRH:0
end_of_record
TN:
SF:src\screens\Vehicles\edit\repository.ts
FN:13,(anonymous_0)
FN:24,(anonymous_1)
FNF:2
FNH:0
FNDA:0,(anonymous_0)
FNDA:0,(anonymous_1)
DA:14,0
DA:15,0
DA:25,0
DA:26,0
LF:4
LH:0
BRF:0
BRH:0
end_of_record
TN:
SF:src\screens\Vehicles\edit\styles.ts
FNF:0
FNH:0
DA:3,0
LF:1
LH:0
BRF:0
BRH:0
end_of_record
TN:
SF:src\screens\Vehicles\list\logic.tsx
FN:4,useVehicles
FNF:1
FNH:0
FNDA:0,useVehicles
DA:5,0
DA:6,0
LF:2
LH:0
BRDA:7,0,0,0
BRDA:7,0,1,0
BRDA:9,1,0,0
BRDA:9,1,1,0
BRF:4
BRH:0
end_of_record
TN:
SF:src\screens\Vehicles\list\repository.ts
FN:6,(anonymous_0)
FN:16,(anonymous_1)
FNF:2
FNH:0
FNDA:0,(anonymous_0)
FNDA:0,(anonymous_1)
DA:7,0
DA:8,0
DA:9,0
DA:11,0
DA:12,0
DA:17,0
DA:18,0
DA:20,0
DA:21,0
LF:9
LH:0
BRF:0
BRH:0
end_of_record
TN:
SF:src\screens\Vehicles\list\styles.ts
FNF:0
FNH:0
DA:4,0
LF:1
LH:0
BRF:0
BRH:0
end_of_record
TN:
SF:src\screens\Welcome\logic.tsx
FN:5,(anonymous_0)
FN:9,(anonymous_1)
FN:10,(anonymous_2)
FN:22,(anonymous_3)
FNF:4
FNH:0
FNDA:0,(anonymous_0)
FNDA:0,(anonymous_1)
FNDA:0,(anonymous_2)
FNDA:0,(anonymous_3)
DA:5,0
DA:6,0
DA:7,0
DA:9,0
DA:10,0
DA:11,0
DA:12,0
DA:13,0
DA:15,0
DA:16,0
DA:19,0
DA:22,0
DA:23,0
DA:26,0
LF:14
LH:0
BRF:0
BRH:0
end_of_record
TN:
SF:src\screens\Welcome\styles.ts
FNF:0
FNH:0
DA:3,0
DA:5,0
LF:2
LH:0
BRF:0
BRH:0
end_of_record
TN:
SF:src\services\NotificationManager.ts
FN:9,(anonymous_0)
FN:17,(anonymous_1)
FN:24,(anonymous_2)
FN:28,(anonymous_3)
FN:29,(anonymous_4)
FN:32,(anonymous_5)
FN:33,(anonymous_6)
FN:36,(anonymous_7)
FN:40,(anonymous_8)
FN:41,(anonymous_9)
FNF:10
FNH:0
FNDA:0,(anonymous_0)
FNDA:0,(anonymous_1)
FNDA:0,(anonymous_2)
FNDA:0,(anonymous_3)
FNDA:0,(anonymous_4)
FNDA:0,(anonymous_5)
FNDA:0,(anonymous_6)
FNDA:0,(anonymous_7)
FNDA:0,(anonymous_8)
FNDA:0,(anonymous_9)
DA:7,0
DA:18,0
DA:19,0
DA:21,0
DA:25,0
DA:29,0
DA:33,0
DA:37,0
DA:41,0
DA:42,0
LF:10
LH:0
BRDA:18,0,0,0
BRDA:18,0,1,0
BRF:2
BRH:0
end_of_record
TN:
SF:src\services\NotificationService.ts
FN:5,registerForPushNotificationsAsync
FNF:1
FNH:0
FNDA:0,registerForPushNotificationsAsync
DA:8,0
DA:9,0
DA:17,0
DA:18,0
DA:20,0
DA:21,0
DA:22,0
DA:25,0
DA:26,0
DA:27,0
DA:30,0
DA:31,0
DA:34,0
LF:13
LH:0
BRDA:8,0,0,0
BRDA:8,0,1,0
BRDA:20,1,0,0
BRDA:20,1,1,0
BRDA:25,2,0,0
BRDA:25,2,1,0
BRF:6
BRH:0
end_of_record
TN:
SF:src\services\axiosClient.ts
FN:28,(anonymous_0)
FN:33,(anonymous_1)
FN:58,(anonymous_2)
FN:65,(anonymous_3)
FN:68,(anonymous_4)
FNF:5
FNH:0
FNDA:0,(anonymous_0)
FNDA:0,(anonymous_1)
FNDA:0,(anonymous_2)
FNDA:0,(anonymous_3)
FNDA:0,(anonymous_4)
DA:8,0
DA:11,0
DA:12,0
DA:13,0
DA:14,0
DA:18,0
DA:28,0
DA:32,0
DA:34,0
DA:35,0
DA:36,0
DA:37,0
DA:38,0
DA:43,0
DA:47,0
DA:48,0
DA:49,0
DA:50,0
DA:54,0
DA:56,0
DA:59,0
DA:64,0
DA:66,0
DA:69,0
DA:72,0
DA:73,0
DA:76,0
DA:77,0
DA:78,0
DA:80,0
DA:84,0
LF:31
LH:0
BRDA:11,0,0,0
BRDA:11,0,1,0
BRDA:28,1,0,0
BRDA:28,1,1,0
BRDA:37,2,0,0
BRDA:37,2,1,0
BRDA:43,3,0,0
BRDA:43,3,1,0
BRDA:43,3,2,0
BRDA:43,3,3,0
BRDA:43,3,4,0
BRDA:47,4,0,0
BRDA:47,4,1,0
BRDA:49,5,0,0
BRDA:49,5,1,0
BRDA:72,6,0,0
BRDA:72,6,1,0
BRDA:72,7,0,0
BRDA:72,7,1,0
BRF:19
BRH:0
end_of_record
TN:
SF:src\services\offline.ts
FN:15,getQueue
FN:20,saveQueue
FN:24,enqueueRequest
FN:37,processQueue
FN:69,startBackgroundSync
FN:73,(anonymous_5)
FN:74,(anonymous_6)
FN:75,(anonymous_7)
FN:79,stopBackgroundSync
FN:86,clearQueue
FNF:10
FNH:4
FNDA:4,getQueue
FNDA:4,saveQueue
FNDA:3,enqueueRequest
FNDA:1,processQueue
FNDA:0,startBackgroundSync
FNDA:0,(anonymous_5)
FNDA:0,(anonymous_6)
FNDA:0,(anonymous_7)
FNDA:0,stopBackgroundSync
FNDA:0,clearQueue
DA:4,4
DA:16,4
DA:17,4
DA:21,4
DA:25,3
DA:26,3
DA:31,3
DA:32,3
DA:33,3
DA:34,3
DA:38,1
DA:39,1
DA:41,1
DA:43,1
DA:45,1
DA:46,1
DA:47,1
DA:53,1
DA:54,1
DA:57,0
DA:58,0
DA:63,1
DA:64,1
DA:67,4
DA:71,0
DA:73,0
DA:74,0
DA:75,0
DA:80,0
DA:81,0
DA:82,0
DA:87,0
LF:32
LH:22
BRDA:17,0,0,1
BRDA:17,0,1,3
BRDA:33,1,0,3
BRDA:33,1,1,0
BRDA:37,2,0,1
BRDA:39,3,0,0
BRDA:39,3,1,1
BRDA:41,4,0,1
BRDA:41,4,1,0
BRDA:51,5,0,1
BRDA:51,5,1,1
BRDA:54,6,0,1
BRDA:54,6,1,0
BRDA:57,7,0,0
BRDA:57,7,1,0
BRDA:57,8,0,0
BRDA:57,8,1,0
BRDA:69,9,0,0
BRDA:71,10,0,0
BRDA:71,10,1,0
BRDA:80,11,0,0
BRDA:80,11,1,0
BRF:22
BRH:9
end_of_record
TN:
SF:src\services\api\auth.ts
FN:36,(anonymous_0)
FN:68,(anonymous_1)
FN:88,(anonymous_2)
FN:109,(anonymous_3)
FN:116,(anonymous_4)
FN:124,(anonymous_5)
FNF:6
FNH:2
FNDA:2,(anonymous_0)
FNDA:0,(anonymous_1)
FNDA:1,(anonymous_2)
FNDA:0,(anonymous_3)
FNDA:0,(anonymous_4)
FNDA:0,(anonymous_5)
DA:5,1
DA:32,1
DA:37,2
DA:38,2
DA:41,1
DA:42,1
DA:43,1
DA:46,1
DA:49,1
DA:50,1
DA:51,1
DA:52,1
DA:53,1
DA:54,1
DA:56,1
DA:57,1
DA:61,0
DA:69,0
DA:70,0
DA:72,0
DA:75,0
DA:76,0
DA:77,0
DA:78,0
DA:80,0
DA:89,1
DA:90,1
DA:92,0
DA:93,0
DA:95,0
DA:97,0
DA:99,1
DA:100,1
DA:101,1
DA:102,0
DA:110,0
DA:117,0
DA:118,0
DA:125,0
DA:126,0
DA:127,0
DA:129,0
DA:130,0
LF:43
LH:21
BRDA:41,0,0,1
BRDA:41,0,1,0
BRDA:49,1,0,1
BRDA:49,1,1,0
BRDA:49,2,0,1
BRDA:49,2,1,0
BRDA:52,3,0,1
BRDA:52,3,1,0
BRDA:52,4,0,1
BRDA:52,4,1,1
BRDA:54,5,0,1
BRDA:54,5,1,0
BRDA:56,6,0,1
BRDA:56,6,1,0
BRDA:80,7,0,0
BRDA:80,7,1,0
BRDA:95,8,0,0
BRDA:95,8,1,0
BRDA:99,9,0,1
BRDA:99,9,1,0
BRDA:99,10,0,1
BRDA:99,10,1,0
BRDA:101,11,0,1
BRDA:101,11,1,0
BRDA:127,12,0,0
BRDA:127,12,1,0
BRF:26
BRH:11
end_of_record
TN:
SF:src\services\api\dashboard.ts
FN:68,(anonymous_0)
FN:73,(anonymous_1)
FNF:2
FNH:0
FNDA:0,(anonymous_0)
FNDA:0,(anonymous_1)
DA:67,0
DA:69,0
DA:70,0
DA:74,0
DA:75,0
LF:5
LH:0
BRF:0
BRH:0
end_of_record
TN:
SF:src\services\api\index.ts
FNF:0
FNH:0
LF:0
LH:0
BRF:0
BRH:0
end_of_record
TN:
SF:src\services\api\trips.ts
FN:110,(anonymous_0)
FN:129,(anonymous_1)
FN:147,(anonymous_2)
FN:159,(anonymous_3)
FN:170,(anonymous_4)
FN:178,(anonymous_5)
FN:196,(anonymous_6)
FN:231,(anonymous_7)
FN:263,(anonymous_8)
FNF:9
FNH:0
FNDA:0,(anonymous_0)
FNDA:0,(anonymous_1)
FNDA:0,(anonymous_2)
FNDA:0,(anonymous_3)
FNDA:0,(anonymous_4)
FNDA:0,(anonymous_5)
FNDA:0,(anonymous_6)
FNDA:0,(anonymous_7)
FNDA:0,(anonymous_8)
DA:109,0
DA:111,0
DA:112,0
DA:113,0
DA:114,0
DA:115,0
DA:116,0
DA:118,0
DA:120,0
DA:122,0
DA:123,0
DA:124,0
DA:125,0
DA:130,0
DA:131,0
DA:132,0
DA:133,0
DA:134,0
DA:136,0
DA:138,0
DA:140,0
DA:141,0
DA:142,0
DA:143,0
DA:148,0
DA:149,0
DA:150,0
DA:153,0
DA:154,0
DA:155,0
DA:160,0
DA:161,0
DA:162,0
DA:164,0
DA:165,0
DA:166,0
DA:171,0
DA:172,0
DA:174,0
DA:179,0
DA:180,0
DA:181,0
DA:182,0
DA:183,0
DA:185,0
DA:187,0
DA:189,0
DA:190,0
DA:191,0
DA:192,0
DA:197,0
DA:198,0
DA:199,0
DA:207,0
DA:212,0
DA:213,0
DA:216,0
DA:218,0
DA:219,0
DA:227,0
DA:232,0
DA:233,0
DA:234,0
DA:238,0
DA:239,0
DA:240,0
DA:241,0
DA:243,0
DA:244,0
DA:246,0
DA:247,0
DA:259,0
DA:264,0
DA:265,0
DA:268,0
DA:269,0
DA:270,0
DA:271,0
DA:273,0
DA:274,0
LF:80
LH:0
BRDA:111,0,0,0
BRDA:111,0,1,0
BRDA:112,1,0,0
BRDA:112,1,1,0
BRDA:118,2,0,0
BRDA:118,2,1,0
BRDA:122,3,0,0
BRDA:122,3,1,0
BRDA:122,4,0,0
BRDA:122,4,1,0
BRDA:124,5,0,0
BRDA:124,5,1,0
BRDA:136,6,0,0
BRDA:136,6,1,0
BRDA:140,7,0,0
BRDA:140,7,1,0
BRDA:140,8,0,0
BRDA:140,8,1,0
BRDA:142,9,0,0
BRDA:142,9,1,0
BRDA:185,10,0,0
BRDA:185,10,1,0
BRDA:189,11,0,0
BRDA:189,11,1,0
BRDA:189,12,0,0
BRDA:189,12,1,0
BRDA:191,13,0,0
BRDA:191,13,1,0
BRDA:198,14,0,0
BRDA:198,14,1,0
BRDA:212,15,0,0
BRDA:212,15,1,0
BRDA:218,16,0,0
BRDA:218,16,1,0
BRDA:222,17,0,0
BRDA:222,17,1,0
BRDA:233,18,0,0
BRDA:233,18,1,0
BRDA:238,19,0,0
BRDA:238,19,1,0
BRDA:239,20,0,0
BRDA:239,20,1,0
BRDA:240,21,0,0
BRDA:240,21,1,0
BRDA:246,22,0,0
BRDA:246,22,1,0
BRDA:249,23,0,0
BRDA:249,23,1,0
BRDA:264,24,0,0
BRDA:264,24,1,0
BRDA:268,25,0,0
BRDA:268,25,1,0
BRDA:269,26,0,0
BRDA:269,26,1,0
BRDA:270,27,0,0
BRDA:270,27,1,0
BRF:56
BRH:0
end_of_record
TN:
SF:src\services\api\users.ts
FN:30,(anonymous_0)
FN:49,(anonymous_1)
FN:59,(anonymous_2)
FN:69,(anonymous_3)
FNF:4
FNH:2
FNDA:1,(anonymous_0)
FNDA:1,(anonymous_1)
FNDA:0,(anonymous_2)
FNDA:0,(anonymous_3)
DA:29,1
DA:31,1
DA:32,1
DA:33,1
DA:34,0
DA:35,0
DA:36,0
DA:38,0
DA:40,0
DA:42,1
DA:43,1
DA:44,1
DA:45,0
DA:50,1
DA:51,1
DA:52,0
DA:54,1
DA:55,1
DA:60,0
DA:61,0
DA:62,0
DA:64,0
DA:65,0
DA:70,0
DA:71,0
DA:73,0
LF:26
LH:11
BRDA:38,0,0,0
BRDA:38,0,1,0
BRDA:42,1,0,1
BRDA:42,1,1,0
BRDA:42,2,0,1
BRDA:42,2,1,0
BRDA:44,3,0,1
BRDA:44,3,1,0
BRF:8
BRH:3
end_of_record
TN:
SF:src\services\api\vehicles.ts
FN:15,(anonymous_0)
FN:34,(anonymous_1)
FN:52,(anonymous_2)
FN:63,(anonymous_3)
FN:73,(anonymous_4)
FNF:5
FNH:2
FNDA:1,(anonymous_0)
FNDA:0,(anonymous_1)
FNDA:1,(anonymous_2)
FNDA:0,(anonymous_3)
FNDA:0,(anonymous_4)
DA:14,1
DA:16,1
DA:17,1
DA:18,1
DA:19,0
DA:20,0
DA:21,0
DA:23,0
DA:25,0
DA:27,1
DA:28,1
DA:29,1
DA:30,0
DA:35,0
DA:36,0
DA:37,0
DA:38,0
DA:39,0
DA:41,0
DA:43,0
DA:45,0
DA:46,0
DA:47,0
DA:48,0
DA:53,1
DA:54,1
DA:55,0
DA:57,1
DA:58,1
DA:59,1
DA:64,0
DA:65,0
DA:66,0
DA:68,0
DA:69,0
DA:74,0
DA:75,0
DA:77,0
LF:38
LH:12
BRDA:23,0,0,0
BRDA:23,0,1,0
BRDA:27,1,0,1
BRDA:27,1,1,0
BRDA:27,2,0,1
BRDA:27,2,1,0
BRDA:29,3,0,1
BRDA:29,3,1,0
BRDA:41,4,0,0
BRDA:41,4,1,0
BRDA:45,5,0,0
BRDA:45,5,1,0
BRDA:45,6,0,0
BRDA:45,6,1,0
BRDA:47,7,0,0
BRDA:47,7,1,0
BRF:16
BRH:3
end_of_record
TN:
SF:src\services\db\index.ts
FN:63,getDb
FN:70,execBatch
FN:81,(anonymous_2)
FN:89,isSeeded
FN:94,seedFromJson
FN:101,(anonymous_5)
FN:171,initDatabase
FN:174,(anonymous_7)
FNF:8
FNH:0
FNDA:0,getDb
FNDA:0,execBatch
FNDA:0,(anonymous_2)
FNDA:0,isSeeded
FNDA:0,seedFromJson
FNDA:0,(anonymous_5)
FNDA:0,initDatabase
FNDA:0,(anonymous_7)
DA:60,0
DA:61,0
DA:64,0
DA:65,0
DA:67,0
DA:73,0
DA:74,0
DA:75,0
DA:76,0
DA:79,0
DA:81,0
DA:84,0
DA:85,0
DA:90,0
DA:91,0
DA:98,0
DA:100,0
DA:101,0
DA:102,0
DA:103,0
DA:123,0
DA:124,0
DA:132,0
DA:133,0
DA:160,0
DA:161,0
DA:172,0
DA:174,0
DA:175,0
DA:176,0
DA:178,0
DA:179,0
DA:180,0
DA:184,0
LF:34
LH:0
BRDA:64,0,0,0
BRDA:64,0,1,0
BRDA:74,1,0,0
BRDA:74,1,1,0
BRDA:91,2,0,0
BRDA:91,2,1,0
BRDA:114,3,0,0
BRDA:114,3,1,0
BRDA:115,4,0,0
BRDA:115,4,1,0
BRDA:116,5,0,0
BRDA:116,5,1,0
BRDA:128,6,0,0
BRDA:128,6,1,0
BRDA:142,7,0,0
BRDA:142,7,1,0
BRDA:145,8,0,0
BRDA:145,8,1,0
BRDA:146,9,0,0
BRDA:146,9,1,0
BRDA:147,10,0,0
BRDA:147,10,1,0
BRDA:148,11,0,0
BRDA:148,11,1,0
BRDA:149,12,0,0
BRDA:149,12,1,0
BRDA:151,13,0,0
BRDA:151,13,1,0
BRDA:152,14,0,0
BRDA:152,14,1,0
BRDA:153,15,0,0
BRDA:153,15,1,0
BRDA:165,16,0,0
BRDA:165,16,1,0
BRDA:172,17,0,0
BRDA:172,17,1,0
BRDA:179,18,0,0
BRDA:179,18,1,0
BRF:38
BRH:0
end_of_record
TN:
SF:src\services\db\schema.ts
FNF:0
FNH:0
DA:1,0
DA:5,0
LF:2
LH:0
BRF:0
BRH:0
end_of_record
TN:
SF:src\services\db\utils.ts
FN:1,nowIso
FN:5,toSqlBool
FN:9,fromSqlBool
FN:13,roleIdToRoleName
FNF:4
FNH:0
FNDA:0,nowIso
FNDA:0,toSqlBool
FNDA:0,fromSqlBool
FNDA:0,roleIdToRoleName
DA:2,0
DA:6,0
DA:10,0
DA:14,0
DA:16,0
DA:18,0
DA:20,0
DA:22,0
LF:8
LH:0
BRDA:6,0,0,0
BRDA:6,0,1,0
BRDA:14,1,0,0
BRDA:14,1,1,0
BRDA:14,1,2,0
BRDA:14,1,3,0
BRF:6
BRH:0
end_of_record
TN:
SF:src\services\localApi\adapter.ts
FN:6,normalizePath
FN:13,statusLabel
FN:28,extractBearer
FN:36,tokenToUserId
FN:49,getAuthedUser
FN:51,(anonymous_5)
FN:68,ok
FN:79,(anonymous_7)
FN:91,(anonymous_8)
FN:141,getAccessibleDriverIds
FN:148,(anonymous_10)
FN:154,getAccessibleVehicleIds
FN:159,(anonymous_12)
FN:165,buildTripObject
FN:204,(anonymous_14)
FN:227,(anonymous_15)
FN:255,(anonymous_16)
FN:321,(anonymous_17)
FN:322,(anonymous_18)
FN:441,(anonymous_19)
FN:442,(anonymous_20)
FN:538,(anonymous_21)
FN:552,(anonymous_22)
FN:602,(anonymous_23)
FN:660,(anonymous_24)
FN:661,(anonymous_25)
FN:702,(anonymous_26)
FN:751,(anonymous_27)
FN:752,(anonymous_28)
FN:788,(anonymous_29)
FN:806,(anonymous_30)
FN:830,(anonymous_31)
FN:869,(anonymous_32)
FN:871,(anonymous_33)
FN:919,(anonymous_34)
FN:952,(anonymous_35)
FNF:36
FNH:0
FNDA:0,normalizePath
FNDA:0,statusLabel
FNDA:0,extractBearer
FNDA:0,tokenToUserId
FNDA:0,getAuthedUser
FNDA:0,(anonymous_5)
FNDA:0,ok
FNDA:0,(anonymous_7)
FNDA:0,(anonymous_8)
FNDA:0,getAccessibleDriverIds
FNDA:0,(anonymous_10)
FNDA:0,getAccessibleVehicleIds
FNDA:0,(anonymous_12)
FNDA:0,buildTripObject
FNDA:0,(anonymous_14)
FNDA:0,(anonymous_15)
FNDA:0,(anonymous_16)
FNDA:0,(anonymous_17)
FNDA:0,(anonymous_18)
FNDA:0,(anonymous_19)
FNDA:0,(anonymous_20)
FNDA:0,(anonymous_21)
FNDA:0,(anonymous_22)
FNDA:0,(anonymous_23)
FNDA:0,(anonymous_24)
FNDA:0,(anonymous_25)
FNDA:0,(anonymous_26)
FNDA:0,(anonymous_27)
FNDA:0,(anonymous_28)
FNDA:0,(anonymous_29)
FNDA:0,(anonymous_30)
FNDA:0,(anonymous_31)
FNDA:0,(anonymous_32)
FNDA:0,(anonymous_33)
FNDA:0,(anonymous_34)
FNDA:0,(anonymous_35)
DA:7,0
DA:9,0
DA:10,0
DA:14,0
DA:16,0
DA:18,0
DA:20,0
DA:22,0
DA:24,0
DA:29,0
DA:30,0
DA:31,0
DA:32,0
DA:33,0
DA:37,0
DA:39,0
DA:40,0
DA:42,0
DA:43,0
DA:45,0
DA:46,0
DA:50,0
DA:51,0
DA:52,0
DA:53,0
DA:54,0
DA:55,0
DA:56,0
DA:57,0
DA:69,0
DA:79,0
DA:80,0
DA:81,0
DA:82,0
DA:84,0
DA:85,0
DA:88,0
DA:90,0
DA:92,0
DA:93,0
DA:95,0
DA:100,0
DA:105,0
DA:106,0
DA:107,0
DA:108,0
DA:110,0
DA:111,0
DA:112,0
DA:115,0
DA:121,0
DA:124,0
DA:125,0
DA:128,0
DA:129,0
DA:130,0
DA:142,0
DA:144,0
DA:145,0
DA:146,0
DA:147,0
DA:148,0
DA:151,0
DA:155,0
DA:156,0
DA:157,0
DA:158,0
DA:159,0
DA:162,0
DA:166,0
DA:167,0
DA:174,0
DA:204,0
DA:217,0
DA:218,0
DA:220,0
DA:221,0
DA:222,0
DA:224,0
DA:226,0
DA:227,0
DA:229,0
DA:231,0
DA:235,0
DA:236,0
DA:238,0
DA:255,0
DA:257,0
DA:268,0
DA:269,0
DA:270,0
DA:271,0
DA:273,0
DA:274,0
DA:288,0
DA:290,0
DA:291,0
DA:294,0
DA:295,0
DA:298,0
DA:299,0
DA:301,0
DA:303,0
DA:313,0
DA:320,0
DA:321,0
DA:322,0
DA:330,0
DA:331,0
DA:333,0
DA:349,0
DA:351,0
DA:352,0
DA:355,0
DA:379,0
DA:381,0
DA:382,0
DA:383,0
DA:384,0
DA:393,0
DA:407,0
DA:408,0
DA:411,0
DA:412,0
DA:413,0
DA:414,0
DA:416,0
DA:417,0
DA:419,0
DA:420,0
DA:421,0
DA:437,0
DA:438,0
DA:441,0
DA:442,0
DA:444,0
DA:445,0
DA:451,0
DA:452,0
DA:453,0
DA:454,0
DA:455,0
DA:463,0
DA:477,0
DA:478,0
DA:481,0
DA:482,0
DA:483,0
DA:484,0
DA:485,0
DA:486,0
DA:489,0
DA:490,0
DA:491,0
DA:492,0
DA:493,0
DA:494,0
DA:495,0
DA:496,0
DA:502,0
DA:503,0
DA:504,0
DA:505,0
DA:506,0
DA:509,0
DA:510,0
DA:512,0
DA:526,0
DA:527,0
DA:533,0
DA:534,0
DA:535,0
DA:537,0
DA:538,0
DA:540,0
DA:542,0
DA:551,0
DA:552,0
DA:562,0
DA:563,0
DA:564,0
DA:565,0
DA:566,0
DA:575,0
DA:577,0
DA:590,0
DA:602,0
DA:618,0
DA:619,0
DA:620,0
DA:622,0
DA:623,0
DA:624,0
DA:625,0
DA:626,0
DA:628,0
DA:634,0
DA:635,0
DA:637,0
DA:646,0
DA:647,0
DA:648,0
DA:649,0
DA:650,0
DA:651,0
DA:653,0
DA:654,0
DA:655,0
DA:656,0
DA:657,0
DA:660,0
DA:661,0
DA:663,0
DA:664,0
DA:671,0
DA:672,0
DA:681,0
DA:682,0
DA:683,0
DA:684,0
DA:685,0
DA:688,0
DA:689,0
DA:691,0
DA:692,0
DA:698,0
DA:699,0
DA:700,0
DA:701,0
DA:702,0
DA:712,0
DA:713,0
DA:714,0
DA:715,0
DA:716,0
DA:717,0
DA:722,0
DA:723,0
DA:724,0
DA:733,0
DA:734,0
DA:735,0
DA:736,0
DA:737,0
DA:738,0
DA:740,0
DA:741,0
DA:742,0
DA:743,0
DA:744,0
DA:745,0
DA:746,0
DA:747,0
DA:748,0
DA:751,0
DA:752,0
DA:753,0
DA:754,0
DA:761,0
DA:762,0
DA:771,0
DA:772,0
DA:773,0
DA:774,0
DA:775,0
DA:776,0
DA:782,0
DA:783,0
DA:785,0
DA:787,0
DA:788,0
DA:790,0
DA:792,0
DA:793,0
DA:798,0
DA:803,0
DA:805,0
DA:806,0
DA:808,0
DA:809,0
DA:814,0
DA:830,0
DA:833,0
DA:840,0
DA:846,0
DA:847,0
DA:851,0
DA:856,0
DA:857,0
DA:858,0
DA:860,0
DA:869,0
DA:871,0
DA:879,0
DA:880,0
DA:882,0
DA:883,0
DA:884,0
DA:885,0
DA:887,0
DA:890,0
DA:894,0
DA:899,0
DA:900,0
DA:902,0
DA:919,0
DA:921,0
DA:940,0
DA:941,0
DA:942,0
DA:950,0
DA:952,0
DA:962,0
DA:963,0
DA:964,0
DA:965,0
DA:966,0
DA:967,0
DA:971,0
DA:975,0
LF:320
LH:0
BRDA:7,0,0,0
BRDA:7,0,1,0
BRDA:10,1,0,0
BRDA:10,1,1,0
BRDA:14,2,0,0
BRDA:14,2,1,0
BRDA:14,2,2,0
BRDA:14,2,3,0
BRDA:14,2,4,0
BRDA:29,3,0,0
BRDA:29,3,1,0
BRDA:30,4,0,0
BRDA:30,4,1,0
BRDA:31,5,0,0
BRDA:31,5,1,0
BRDA:31,6,0,0
BRDA:31,6,1,0
BRDA:33,7,0,0
BRDA:33,7,1,0
BRDA:37,8,0,0
BRDA:37,8,1,0
BRDA:40,9,0,0
BRDA:40,9,1,0
BRDA:43,10,0,0
BRDA:43,10,1,0
BRDA:45,11,0,0
BRDA:45,11,1,0
BRDA:54,12,0,0
BRDA:54,12,1,0
BRDA:56,13,0,0
BRDA:56,13,1,0
BRDA:63,14,0,0
BRDA:63,14,1,0
BRDA:68,15,0,0
BRDA:72,16,0,0
BRDA:72,16,1,0
BRDA:72,17,0,0
BRDA:72,17,1,0
BRDA:84,18,0,0
BRDA:84,18,1,0
BRDA:88,19,0,0
BRDA:88,19,1,0
BRDA:90,20,0,0
BRDA:90,20,1,0
BRDA:105,21,0,0
BRDA:105,21,1,0
BRDA:105,22,0,0
BRDA:105,22,1,0
BRDA:108,23,0,0
BRDA:108,23,1,0
BRDA:108,24,0,0
BRDA:108,24,1,0
BRDA:111,25,0,0
BRDA:111,25,1,0
BRDA:111,26,0,0
BRDA:111,26,1,0
BRDA:124,27,0,0
BRDA:124,27,1,0
BRDA:124,28,0,0
BRDA:124,28,1,0
BRDA:128,29,0,0
BRDA:128,29,1,0
BRDA:128,30,0,0
BRDA:128,30,1,0
BRDA:129,31,0,0
BRDA:129,31,1,0
BRDA:142,32,0,0
BRDA:142,32,1,0
BRDA:145,33,0,0
BRDA:145,33,1,0
BRDA:146,34,0,0
BRDA:146,34,1,0
BRDA:155,35,0,0
BRDA:155,35,1,0
BRDA:157,36,0,0
BRDA:157,36,1,0
BRDA:167,37,0,0
BRDA:167,37,1,0
BRDA:182,38,0,0
BRDA:182,38,1,0
BRDA:183,39,0,0
BRDA:183,39,1,0
BRDA:184,40,0,0
BRDA:184,40,1,0
BRDA:185,41,0,0
BRDA:185,41,1,0
BRDA:186,42,0,0
BRDA:186,42,1,0
BRDA:187,43,0,0
BRDA:187,43,1,0
BRDA:188,44,0,0
BRDA:188,44,1,0
BRDA:189,45,0,0
BRDA:189,45,1,0
BRDA:190,46,0,0
BRDA:190,46,1,0
BRDA:193,47,0,0
BRDA:193,47,1,0
BRDA:194,48,0,0
BRDA:194,48,1,0
BRDA:197,49,0,0
BRDA:197,49,1,0
BRDA:200,50,0,0
BRDA:200,50,1,0
BRDA:203,51,0,0
BRDA:203,51,1,0
BRDA:208,52,0,0
BRDA:208,52,1,0
BRDA:217,53,0,0
BRDA:217,53,1,0
BRDA:217,54,0,0
BRDA:217,54,1,0
BRDA:218,55,0,0
BRDA:218,55,1,0
BRDA:220,56,0,0
BRDA:220,56,1,0
BRDA:220,57,0,0
BRDA:220,57,1,0
BRDA:226,58,0,0
BRDA:226,58,1,0
BRDA:226,59,0,0
BRDA:226,59,1,0
BRDA:229,60,0,0
BRDA:229,60,1,0
BRDA:235,61,0,0
BRDA:235,61,1,0
BRDA:269,62,0,0
BRDA:269,62,1,0
BRDA:269,63,0,0
BRDA:269,63,1,0
BRDA:270,64,0,0
BRDA:270,64,1,0
BRDA:288,65,0,0
BRDA:288,65,1,0
BRDA:290,66,0,0
BRDA:290,66,1,0
BRDA:290,67,0,0
BRDA:290,67,1,0
BRDA:298,68,0,0
BRDA:298,68,1,0
BRDA:298,69,0,0
BRDA:298,69,1,0
BRDA:299,70,0,0
BRDA:299,70,1,0
BRDA:303,71,0,0
BRDA:303,71,1,0
BRDA:313,72,0,0
BRDA:313,72,1,0
BRDA:330,73,0,0
BRDA:330,73,1,0
BRDA:330,74,0,0
BRDA:330,74,1,0
BRDA:331,75,0,0
BRDA:331,75,1,0
BRDA:349,76,0,0
BRDA:349,76,1,0
BRDA:351,77,0,0
BRDA:351,77,1,0
BRDA:351,78,0,0
BRDA:351,78,1,0
BRDA:351,78,2,0
BRDA:351,78,3,0
BRDA:351,78,4,0
BRDA:351,78,5,0
BRDA:363,79,0,0
BRDA:363,79,1,0
BRDA:366,80,0,0
BRDA:366,80,1,0
BRDA:367,81,0,0
BRDA:367,81,1,0
BRDA:369,82,0,0
BRDA:369,82,1,0
BRDA:370,83,0,0
BRDA:370,83,1,0
BRDA:372,84,0,0
BRDA:372,84,1,0
BRDA:373,85,0,0
BRDA:373,85,1,0
BRDA:381,86,0,0
BRDA:381,86,1,0
BRDA:383,87,0,0
BRDA:383,87,1,0
BRDA:387,88,0,0
BRDA:387,88,1,0
BRDA:387,89,0,0
BRDA:387,89,1,0
BRDA:412,90,0,0
BRDA:412,90,1,0
BRDA:412,91,0,0
BRDA:412,91,1,0
BRDA:413,92,0,0
BRDA:413,92,1,0
BRDA:417,93,0,0
BRDA:417,93,1,0
BRDA:438,94,0,0
BRDA:438,94,1,0
BRDA:444,95,0,0
BRDA:444,95,1,0
BRDA:451,96,0,0
BRDA:451,96,1,0
BRDA:454,97,0,0
BRDA:454,97,1,0
BRDA:458,98,0,0
BRDA:458,98,1,0
BRDA:458,99,0,0
BRDA:458,99,1,0
BRDA:482,100,0,0
BRDA:482,100,1,0
BRDA:482,101,0,0
BRDA:482,101,1,0
BRDA:483,102,0,0
BRDA:483,102,1,0
BRDA:490,103,0,0
BRDA:490,103,1,0
BRDA:490,104,0,0
BRDA:490,104,1,0
BRDA:491,105,0,0
BRDA:491,105,1,0
BRDA:494,106,0,0
BRDA:494,106,1,0
BRDA:504,107,0,0
BRDA:504,107,1,0
BRDA:504,108,0,0
BRDA:504,108,1,0
BRDA:504,108,2,0
BRDA:505,109,0,0
BRDA:505,109,1,0
BRDA:506,110,0,0
BRDA:506,110,1,0
BRDA:509,111,0,0
BRDA:509,111,1,0
BRDA:533,112,0,0
BRDA:533,112,1,0
BRDA:533,113,0,0
BRDA:533,113,1,0
BRDA:534,114,0,0
BRDA:534,114,1,0
BRDA:537,115,0,0
BRDA:537,115,1,0
BRDA:537,116,0,0
BRDA:537,116,1,0
BRDA:540,117,0,0
BRDA:540,117,1,0
BRDA:555,118,0,0
BRDA:555,118,1,0
BRDA:557,119,0,0
BRDA:557,119,1,0
BRDA:563,120,0,0
BRDA:563,120,1,0
BRDA:563,121,0,0
BRDA:563,121,1,0
BRDA:564,122,0,0
BRDA:564,122,1,0
BRDA:575,123,0,0
BRDA:575,123,1,0
BRDA:594,124,0,0
BRDA:594,124,1,0
BRDA:618,125,0,0
BRDA:618,125,1,0
BRDA:618,126,0,0
BRDA:618,126,1,0
BRDA:619,127,0,0
BRDA:619,127,1,0
BRDA:622,128,0,0
BRDA:622,128,1,0
BRDA:623,129,0,0
BRDA:623,129,1,0
BRDA:624,130,0,0
BRDA:624,130,1,0
BRDA:625,131,0,0
BRDA:625,131,1,0
BRDA:625,132,0,0
BRDA:625,132,1,0
BRDA:640,133,0,0
BRDA:640,133,1,0
BRDA:642,134,0,0
BRDA:642,134,1,0
BRDA:647,135,0,0
BRDA:647,135,1,0
BRDA:647,136,0,0
BRDA:647,136,1,0
BRDA:648,137,0,0
BRDA:648,137,1,0
BRDA:651,138,0,0
BRDA:651,138,1,0
BRDA:656,139,0,0
BRDA:656,139,1,0
BRDA:657,140,0,0
BRDA:657,140,1,0
BRDA:663,141,0,0
BRDA:663,141,1,0
BRDA:675,142,0,0
BRDA:675,142,1,0
BRDA:677,143,0,0
BRDA:677,143,1,0
BRDA:682,144,0,0
BRDA:682,144,1,0
BRDA:682,145,0,0
BRDA:682,145,1,0
BRDA:683,146,0,0
BRDA:683,146,1,0
BRDA:688,147,0,0
BRDA:688,147,1,0
BRDA:688,148,0,0
BRDA:688,148,1,0
BRDA:698,149,0,0
BRDA:698,149,1,0
BRDA:698,150,0,0
BRDA:698,150,1,0
BRDA:699,151,0,0
BRDA:699,151,1,0
BRDA:707,152,0,0
BRDA:707,152,1,0
BRDA:712,153,0,0
BRDA:712,153,1,0
BRDA:712,154,0,0
BRDA:712,154,1,0
BRDA:713,155,0,0
BRDA:713,155,1,0
BRDA:714,156,0,0
BRDA:714,156,1,0
BRDA:715,157,0,0
BRDA:715,157,1,0
BRDA:715,158,0,0
BRDA:715,158,1,0
BRDA:715,159,0,0
BRDA:715,159,1,0
BRDA:720,160,0,0
BRDA:720,160,1,0
BRDA:720,161,0,0
BRDA:720,161,1,0
BRDA:720,162,0,0
BRDA:720,162,1,0
BRDA:720,163,0,0
BRDA:720,163,1,0
BRDA:729,164,0,0
BRDA:729,164,1,0
BRDA:734,165,0,0
BRDA:734,165,1,0
BRDA:734,166,0,0
BRDA:734,166,1,0
BRDA:735,167,0,0
BRDA:735,167,1,0
BRDA:738,168,0,0
BRDA:738,168,1,0
BRDA:742,169,0,0
BRDA:742,169,1,0
BRDA:743,170,0,0
BRDA:743,170,1,0
BRDA:744,171,0,0
BRDA:744,171,1,0
BRDA:744,172,0,0
BRDA:744,172,1,0
BRDA:745,173,0,0
BRDA:745,173,1,0
BRDA:746,174,0,0
BRDA:746,174,1,0
BRDA:748,175,0,0
BRDA:748,175,1,0
BRDA:748,176,0,0
BRDA:748,176,1,0
BRDA:748,177,0,0
BRDA:748,177,1,0
BRDA:753,178,0,0
BRDA:753,178,1,0
BRDA:767,179,0,0
BRDA:767,179,1,0
BRDA:772,180,0,0
BRDA:772,180,1,0
BRDA:772,181,0,0
BRDA:772,181,1,0
BRDA:773,182,0,0
BRDA:773,182,1,0
BRDA:782,183,0,0
BRDA:782,183,1,0
BRDA:782,184,0,0
BRDA:782,184,1,0
BRDA:783,185,0,0
BRDA:783,185,1,0
BRDA:787,186,0,0
BRDA:787,186,1,0
BRDA:787,187,0,0
BRDA:787,187,1,0
BRDA:790,188,0,0
BRDA:790,188,1,0
BRDA:794,189,0,0
BRDA:794,189,1,0
BRDA:799,190,0,0
BRDA:799,190,1,0
BRDA:805,191,0,0
BRDA:805,191,1,0
BRDA:805,192,0,0
BRDA:805,192,1,0
BRDA:808,193,0,0
BRDA:808,193,1,0
BRDA:833,194,0,0
BRDA:833,194,1,0
BRDA:848,195,0,0
BRDA:848,195,1,0
BRDA:852,196,0,0
BRDA:852,196,1,0
BRDA:856,197,0,0
BRDA:856,197,1,0
BRDA:857,198,0,0
BRDA:857,198,1,0
BRDA:858,199,0,0
BRDA:858,199,1,0
BRDA:862,200,0,0
BRDA:862,200,1,0
BRDA:863,201,0,0
BRDA:863,201,1,0
BRDA:864,202,0,0
BRDA:864,202,1,0
BRDA:879,203,0,0
BRDA:879,203,1,0
BRDA:879,204,0,0
BRDA:879,204,1,0
BRDA:880,205,0,0
BRDA:880,205,1,0
BRDA:883,206,0,0
BRDA:883,206,1,0
BRDA:883,207,0,0
BRDA:883,207,1,0
BRDA:899,208,0,0
BRDA:899,208,1,0
BRDA:924,209,0,0
BRDA:924,209,1,0
BRDA:925,210,0,0
BRDA:925,210,1,0
BRDA:940,211,0,0
BRDA:940,211,1,0
BRDA:940,212,0,0
BRDA:940,212,1,0
BRDA:941,213,0,0
BRDA:941,213,1,0
BRDA:957,214,0,0
BRDA:957,214,1,0
BRDA:962,215,0,0
BRDA:962,215,1,0
BRDA:962,216,0,0
BRDA:962,216,1,0
BRDA:963,217,0,0
BRDA:963,217,1,0
BRDA:966,218,0,0
BRDA:966,218,1,0
BRDA:966,219,0,0
BRDA:966,219,1,0
BRF:447
BRH:0
end_of_record
TN:
SF:src\services\location\driverTracking.ts
FN:4,startDriverTracking
FN:14,(anonymous_1)
FNF:2
FNH:0
FNDA:0,startDriverTracking
FNDA:0,(anonymous_1)
DA:5,0
DA:6,0
DA:8,0
DA:15,0
LF:4
LH:0
BRDA:6,0,0,0
BRDA:6,0,1,0
BRF:2
BRH:0
end_of_record
TN:
SF:src\services\realtime\socket.ts
FN:4,(anonymous_0)
FN:11,(anonymous_1)
FN:15,(anonymous_2)
FN:19,(anonymous_3)
FN:27,(anonymous_4)
FN:33,(anonymous_5)
FNF:6
FNH:0
FNDA:0,(anonymous_0)
FNDA:0,(anonymous_1)
FNDA:0,(anonymous_2)
FNDA:0,(anonymous_3)
FNDA:0,(anonymous_4)
FNDA:0,(anonymous_5)
DA:1,0
DA:3,0
DA:5,0
DA:7,0
DA:11,0
DA:12,0
DA:15,0
DA:16,0
DA:19,0
DA:20,0
DA:21,0
DA:24,0
DA:28,0
DA:29,0
DA:34,0
DA:35,0
LF:16
LH:0
BRDA:5,0,0,0
BRDA:5,0,1,0
BRDA:28,1,0,0
BRDA:28,1,1,0
BRF:4
BRH:0
end_of_record
TN:
SF:src\utils\errorHandler.ts
FN:7,(anonymous_0)
FN:42,(anonymous_1)
FNF:2
FNH:0
FNDA:0,(anonymous_0)
FNDA:0,(anonymous_1)
DA:7,0
DA:8,0
DA:10,0
DA:12,0
DA:15,0
DA:16,0
DA:17,0
DA:18,0
DA:19,0
DA:20,0
DA:21,0
DA:24,0
DA:26,0
DA:27,0
DA:29,0
DA:32,0
DA:33,0
DA:36,0
DA:42,0
DA:43,0
DA:44,0
DA:47,0
DA:48,0
DA:49,0
DA:50,0
DA:51,0
DA:53,0
DA:54,0
DA:58,0
DA:59,0
DA:62,0
LF:31
LH:0
BRDA:7,0,0,0
BRDA:10,1,0,0
BRDA:10,1,1,0
BRDA:12,2,0,0
BRDA:12,2,1,0
BRDA:15,3,0,0
BRDA:15,3,1,0
BRDA:18,4,0,0
BRDA:18,4,1,0
BRDA:20,5,0,0
BRDA:20,5,1,0
BRDA:24,6,0,0
BRDA:24,6,1,0
BRDA:27,7,0,0
BRDA:27,7,1,0
BRDA:29,8,0,0
BRDA:29,8,1,0
BRDA:32,9,0,0
BRDA:32,9,1,0
BRDA:43,10,0,0
BRDA:43,10,1,0
BRDA:47,11,0,0
BRDA:47,11,1,0
BRDA:50,12,0,0
BRDA:50,12,1,0
BRDA:53,13,0,0
BRDA:53,13,1,0
BRDA:58,14,0,0
BRDA:58,14,1,0
BRF:29
BRH:0
end_of_record
TN:
SF:src\utils\imagePicker.ts
FN:14,requestImagePermissions
FN:41,pickImageFromLibrary
FN:92,takePhoto
FN:143,pickCMRImage
FN:144,(anonymous_4)
FN:151,(anonymous_5)
FN:158,(anonymous_6)
FN:166,(anonymous_7)
FN:169,(anonymous_8)
FNF:9
FNH:0
FNDA:0,requestImagePermissions
FNDA:0,pickImageFromLibrary
FNDA:0,takePhoto
FNDA:0,pickCMRImage
FNDA:0,(anonymous_4)
FNDA:0,(anonymous_5)
FNDA:0,(anonymous_6)
FNDA:0,(anonymous_7)
FNDA:0,(anonymous_8)
DA:15,0
DA:17,0
DA:20,0
DA:22,0
DA:23,0
DA:28,0
DA:31,0
DA:33,0
DA:34,0
DA:42,0
DA:43,0
DA:44,0
DA:45,0
DA:48,0
DA:55,0
DA:56,0
DA:59,0
DA:62,0
DA:64,0
DA:65,0
DA:66,0
DA:70,0
DA:76,0
DA:83,0
DA:84,0
DA:85,0
DA:93,0
DA:94,0
DA:95,0
DA:96,0
DA:99,0
DA:106,0
DA:107,0
DA:110,0
DA:113,0
DA:115,0
DA:116,0
DA:117,0
DA:121,0
DA:127,0
DA:134,0
DA:135,0
DA:136,0
DA:144,0
DA:145,0
DA:152,0
DA:153,0
DA:159,0
DA:160,0
DA:166,0
DA:169,0
LF:51
LH:0
BRDA:22,0,0,0
BRDA:22,0,1,0
BRDA:22,1,0,0
BRDA:22,1,1,0
BRDA:44,2,0,0
BRDA:44,2,1,0
BRDA:55,3,0,0
BRDA:55,3,1,0
BRDA:95,4,0,0
BRDA:95,4,1,0
BRDA:106,5,0,0
BRDA:106,5,1,0
BRF:12
BRH:0
end_of_record
TN:
SF:src\utils\performance.ts
FN:15,mark
FN:21,measure
FN:31,measureAsync
FN:45,useRenderCount
FNF:4
FNH:0
FNDA:0,mark
FNDA:0,measure
FNDA:0,measureAsync
FNDA:0,useRenderCount
DA:7,0
DA:16,0
DA:17,0
DA:22,0
DA:23,0
DA:24,0
DA:25,0
DA:27,0
DA:36,0
DA:37,0
DA:38,0
DA:40,0
DA:46,0
DA:47,0
DA:48,0
DA:49,0
LF:16
LH:0
BRDA:7,0,0,0
BRDA:7,0,1,0
BRDA:16,1,0,0
BRDA:16,1,1,0
BRDA:21,2,0,0
BRDA:22,3,0,0
BRDA:22,3,1,0
BRDA:24,4,0,0
BRDA:24,4,1,0
BRDA:34,5,0,0
BRDA:48,6,0,0
BRDA:48,6,1,0
BRDA:48,7,0,0
BRDA:48,7,1,0
BRF:14
BRH:0
end_of_record
TN:
SF:src\utils\platformStyles.ts
FN:10,cardShadow
FN:24,modalShadow
FN:38,tabBarExtraStyle
FN:47,headerShadow
FNF:4
FNH:0
FNDA:0,cardShadow
FNDA:0,modalShadow
FNDA:0,tabBarExtraStyle
FNDA:0,headerShadow
DA:11,0
DA:12,0
DA:14,0
DA:25,0
DA:26,0
DA:28,0
DA:39,0
DA:40,0
DA:48,0
DA:49,0
DA:51,0
LF:11
LH:0
BRDA:10,0,0,0
BRDA:11,1,0,0
BRDA:11,1,1,0
BRDA:25,2,0,0
BRDA:25,2,1,0
BRDA:48,3,0,0
BRDA:48,3,1,0
BRF:7
BRH:0
end_of_record
TN:
SF:src\utils\testConnection.ts
FN:7,(anonymous_0)
FN:11,(anonymous_1)
FNF:2
FNH:0
FNDA:0,(anonymous_0)
FNDA:0,(anonymous_1)
DA:7,0
DA:8,0
DA:10,0
DA:11,0
DA:15,0
DA:17,0
DA:18,0
DA:19,0
DA:20,0
DA:21,0
DA:22,0
DA:23,0
DA:24,0
DA:25,0
DA:28,0
LF:15
LH:0
BRDA:17,0,0,0
BRDA:17,0,1,0
BRDA:17,1,0,0
BRDA:17,1,1,0
BRF:4
BRH:0
end_of_record
